[DEBUG] 2026-02-11 09:24:50.136 [main] InternalLoggerFactory - Using Log4J2 as the default logging framework
[DEBUG] 2026-02-11 09:24:50.141 [main] ResourceLeakDetector - -Dio.netty.leakDetection.level: simple
[DEBUG] 2026-02-11 09:24:50.142 [main] ResourceLeakDetector - -Dio.netty.leakDetection.targetRecords: 4
[DEBUG] 2026-02-11 09:24:50.146 [main] ResourceLeakDetectorFactory$DefaultResourceLeakDetectorFactory - Loaded default ResourceLeakDetector: io.netty.util.ResourceLeakDetector@4fe01803
[DEBUG] 2026-02-11 09:24:50.156 [main] PlatformDependent0 - -Dio.netty.noUnsafe: false
[DEBUG] 2026-02-11 09:24:50.156 [main] PlatformDependent0 - Java version: 21
[DEBUG] 2026-02-11 09:24:50.158 [main] PlatformDependent0 - sun.misc.Unsafe.theUnsafe: available
[DEBUG] 2026-02-11 09:24:50.159 [main] PlatformDependent0 - sun.misc.Unsafe.copyMemory: available
[DEBUG] 2026-02-11 09:24:50.159 [main] PlatformDependent0 - sun.misc.Unsafe.storeFence: available
[DEBUG] 2026-02-11 09:24:50.160 [main] PlatformDependent0 - java.nio.Buffer.address: available
[DEBUG] 2026-02-11 09:24:50.161 [main] PlatformDependent0 - direct buffer constructor: unavailable: Reflective setAccessible(true) disabled
[DEBUG] 2026-02-11 09:24:50.161 [main] PlatformDependent0 - java.nio.Bits.unaligned: available, true
[DEBUG] 2026-02-11 09:24:50.163 [main] PlatformDependent0 - jdk.internal.misc.Unsafe.allocateUninitializedArray(int): unavailable: class io.netty.util.internal.PlatformDependent0$7 cannot access class jdk.internal.misc.Unsafe (in module java.base) because module java.base does not export jdk.internal.misc to unnamed module @368239c8
[DEBUG] 2026-02-11 09:24:50.164 [main] PlatformDependent0 - java.nio.DirectByteBuffer.<init>(long, {int,long}): unavailable
[DEBUG] 2026-02-11 09:24:50.164 [main] PlatformDependent - sun.misc.Unsafe: available
[DEBUG] 2026-02-11 09:24:50.166 [main] PlatformDependent - maxDirectMemory: 4146069504 bytes (maybe)
[DEBUG] 2026-02-11 09:24:50.166 [main] PlatformDependent - -Dio.netty.tmpdir: /tmp (java.io.tmpdir)
[DEBUG] 2026-02-11 09:24:50.166 [main] PlatformDependent - -Dio.netty.bitMode: 64 (sun.arch.data.model)
[DEBUG] 2026-02-11 09:24:50.167 [main] PlatformDependent - -Dio.netty.maxDirectMemory: -1 bytes
[DEBUG] 2026-02-11 09:24:50.168 [main] PlatformDependent - -Dio.netty.uninitializedArrayAllocationThreshold: -1
[DEBUG] 2026-02-11 09:24:50.169 [main] CleanerJava9 - java.nio.ByteBuffer.cleaner(): available
[DEBUG] 2026-02-11 09:24:50.169 [main] PlatformDependent - -Dio.netty.noPreferDirect: false
[DEBUG] 2026-02-11 09:24:50.174 [main] PlatformDependent$Mpsc - org.jctools-core.MpscChunkedArrayQueue: available
[DEBUG] 2026-02-11 09:24:50.185 [main] InternalThreadLocalMap - -Dio.netty.threadLocalMap.stringBuilder.initialSize: 1024
[DEBUG] 2026-02-11 09:24:50.185 [main] InternalThreadLocalMap - -Dio.netty.threadLocalMap.stringBuilder.maxSize: 4096
[DEBUG] 2026-02-11 09:24:50.338 [main] JdkSslContext - Default protocols (JDK): [TLSv1.3, TLSv1.2] 
[DEBUG] 2026-02-11 09:24:50.338 [main] JdkSslContext - Default cipher suites (JDK): [TLS_ECDHE_ECDSA_WITH_AES_256_GCM_SHA384, TLS_ECDHE_ECDSA_WITH_AES_128_GCM_SHA256, TLS_ECDHE_RSA_WITH_AES_128_GCM_SHA256, TLS_ECDHE_RSA_WITH_AES_256_GCM_SHA384, TLS_ECDHE_RSA_WITH_AES_128_CBC_SHA, TLS_ECDHE_RSA_WITH_AES_256_CBC_SHA, TLS_RSA_WITH_AES_128_GCM_SHA256, TLS_RSA_WITH_AES_128_CBC_SHA, TLS_RSA_WITH_AES_256_CBC_SHA, TLS_AES_128_GCM_SHA256, TLS_AES_256_GCM_SHA384]
[DEBUG] 2026-02-11 09:24:50.348 [main] GlobalEventExecutor - -Dio.netty.globalEventExecutor.quietPeriodSeconds: 1
[DEBUG] 2026-02-11 09:24:50.357 [main] MultithreadEventLoopGroup - -Dio.netty.eventLoopThreads: 16
[DEBUG] 2026-02-11 09:24:50.364 [main] NioEventLoop - -Dio.netty.noKeySetOptimization: false
[DEBUG] 2026-02-11 09:24:50.364 [main] NioEventLoop - -Dio.netty.selectorAutoRebuildThreshold: 512
[DEBUG] 2026-02-11 09:24:50.378 [main] PooledByteBufAllocator - -Dio.netty.allocator.numHeapArenas: 16
[DEBUG] 2026-02-11 09:24:50.378 [main] PooledByteBufAllocator - -Dio.netty.allocator.numDirectArenas: 16
[DEBUG] 2026-02-11 09:24:50.378 [main] PooledByteBufAllocator - -Dio.netty.allocator.pageSize: 8192
[DEBUG] 2026-02-11 09:24:50.378 [main] PooledByteBufAllocator - -Dio.netty.allocator.maxOrder: 9
[DEBUG] 2026-02-11 09:24:50.379 [main] PooledByteBufAllocator - -Dio.netty.allocator.chunkSize: 4194304
[DEBUG] 2026-02-11 09:24:50.379 [main] PooledByteBufAllocator - -Dio.netty.allocator.smallCacheSize: 256
[DEBUG] 2026-02-11 09:24:50.379 [main] PooledByteBufAllocator - -Dio.netty.allocator.normalCacheSize: 64
[DEBUG] 2026-02-11 09:24:50.379 [main] PooledByteBufAllocator - -Dio.netty.allocator.maxCachedBufferCapacity: 32768
[DEBUG] 2026-02-11 09:24:50.379 [main] PooledByteBufAllocator - -Dio.netty.allocator.cacheTrimInterval: 8192
[DEBUG] 2026-02-11 09:24:50.380 [main] PooledByteBufAllocator - -Dio.netty.allocator.cacheTrimIntervalMillis: 0
[DEBUG] 2026-02-11 09:24:50.380 [main] PooledByteBufAllocator - -Dio.netty.allocator.useCacheForAllThreads: false
[DEBUG] 2026-02-11 09:24:50.380 [main] PooledByteBufAllocator - -Dio.netty.allocator.maxCachedByteBuffersPerChunk: 1023
[DEBUG] 2026-02-11 09:24:50.387 [main] ByteBufUtil - -Dio.netty.allocator.type: pooled
[DEBUG] 2026-02-11 09:24:50.388 [main] ByteBufUtil - -Dio.netty.threadLocalDirectBufferSize: 0
[DEBUG] 2026-02-11 09:24:50.388 [main] ByteBufUtil - -Dio.netty.maxThreadLocalCharBufferSize: 16384
[DEBUG] 2026-02-11 09:24:50.559 [Forwarding newSession on session null to remote] DefaultChannelId - -Dio.netty.processId: 4683 (auto-detected)
[DEBUG] 2026-02-11 09:24:50.561 [Forwarding newSession on session null to remote] NetUtil - -Djava.net.preferIPv4Stack: false
[DEBUG] 2026-02-11 09:24:50.561 [Forwarding newSession on session null to remote] NetUtil - -Djava.net.preferIPv6Addresses: false
[DEBUG] 2026-02-11 09:24:50.562 [Forwarding newSession on session null to remote] NetUtilInitializations - Loopback interface: lo (lo, 0:0:0:0:0:0:0:1%lo)
[DEBUG] 2026-02-11 09:24:50.563 [Forwarding newSession on session null to remote] NetUtil$SoMaxConnAction - /proc/sys/net/core/somaxconn: 4096
[DEBUG] 2026-02-11 09:24:50.564 [Forwarding newSession on session null to remote] DefaultChannelId - -Dio.netty.machineId: 02:fc:e0:ff:fe:be:a7:77 (auto-detected)
[DEBUG] 2026-02-11 09:24:50.590 [AsyncHttpClient-1-2] AbstractByteBuf - -Dio.netty.buffer.checkAccessible: true
[DEBUG] 2026-02-11 09:24:50.590 [AsyncHttpClient-1-2] AbstractByteBuf - -Dio.netty.buffer.checkBounds: true
[DEBUG] 2026-02-11 09:24:50.590 [AsyncHttpClient-1-2] ResourceLeakDetectorFactory$DefaultResourceLeakDetectorFactory - Loaded default ResourceLeakDetector: io.netty.util.ResourceLeakDetector@5440c4f3
[DEBUG] 2026-02-11 09:24:50.605 [AsyncHttpClient-1-2] Recycler - -Dio.netty.recycler.maxCapacityPerThread: 4096
[DEBUG] 2026-02-11 09:24:50.605 [AsyncHttpClient-1-2] Recycler - -Dio.netty.recycler.ratio: 8
[DEBUG] 2026-02-11 09:24:50.605 [AsyncHttpClient-1-2] Recycler - -Dio.netty.recycler.chunkSize: 32
[DEBUG] 2026-02-11 09:24:50.605 [AsyncHttpClient-1-2] Recycler - -Dio.netty.recycler.blocking: false
[DEBUG] 2026-02-11 09:24:50.606 [AsyncHttpClient-1-2] Recycler - -Dio.netty.recycler.batchFastThreadLocalOnly: true
[DEBUG] 2026-02-11 09:24:51.129 [AsyncHttpClient-1-2] Brotli - brotli4j not in the classpath; Brotli support will be unavailable.
[DEBUG] 2026-02-11 09:24:51.181 [main] ThreadLocalRandom - -Dio.netty.initialSeedUniquifier: 0xec1906f4e5eb2373
[INFO ] 2026-02-11 09:24:52.560 [main] amazonshop - Amazon homepage opened successfully.
[INFO ] 2026-02-11 09:24:52.567 [main] amazonshop - Navigating to delivery address section...
[INFO ] 2026-02-11 09:24:55.749 [main] amazonshop - Changing location to India...
[INFO ] 2026-02-11 09:25:12.495 [main] amazonshop - Delivery location successfully updated to India.
[INFO ] 2026-02-11 09:25:12.498 [main] amazonshop - Opening menu tab: All
[INFO ] 2026-02-11 09:25:15.589 [main] amazonshop - Navigating to section: Kindle E-Readers & Books
[INFO ] 2026-02-11 09:25:19.182 [main] amazonshop - Selecting option: Kindle Books
[INFO ] 2026-02-11 09:25:24.439 [main] amazonshop - Verifying Kindle Books page...
[DEBUG] 2026-02-11 09:25:24.448 [main] amazonshop - Page title: Amazon.com: Books
[INFO ] 2026-02-11 09:25:27.449 [main] amazonshop - Navigating back to Amazon homepage...
[INFO ] 2026-02-11 09:25:30.556 [main] amazonshop - Verifying Amazon homepage...
[DEBUG] 2026-02-11 09:25:30.561 [main] amazonshop - Page title: 
[INFO ] 2026-02-11 09:25:33.562 [main] amazonshop - Closing browser...
[INFO ] 2026-02-11 09:25:36.666 [main] amazonshop - Browser closed successfully.
[DEBUG] 2026-02-11 10:02:35.980 [main] InternalLoggerFactory - Using Log4J2 as the default logging framework
[DEBUG] 2026-02-11 10:02:35.993 [main] ResourceLeakDetector - -Dio.netty.leakDetection.level: simple
[DEBUG] 2026-02-11 10:02:35.994 [main] ResourceLeakDetector - -Dio.netty.leakDetection.targetRecords: 4
[DEBUG] 2026-02-11 10:02:35.999 [main] ResourceLeakDetectorFactory$DefaultResourceLeakDetectorFactory - Loaded default ResourceLeakDetector: io.netty.util.ResourceLeakDetector@2f2d52ef
[DEBUG] 2026-02-11 10:02:36.013 [main] PlatformDependent0 - -Dio.netty.noUnsafe: false
[DEBUG] 2026-02-11 10:02:36.013 [main] PlatformDependent0 - Java version: 21
[DEBUG] 2026-02-11 10:02:36.015 [main] PlatformDependent0 - sun.misc.Unsafe.theUnsafe: available
[DEBUG] 2026-02-11 10:02:36.015 [main] PlatformDependent0 - sun.misc.Unsafe.copyMemory: available
[DEBUG] 2026-02-11 10:02:36.016 [main] PlatformDependent0 - sun.misc.Unsafe.storeFence: available
[DEBUG] 2026-02-11 10:02:36.017 [main] PlatformDependent0 - java.nio.Buffer.address: available
[DEBUG] 2026-02-11 10:02:36.017 [main] PlatformDependent0 - direct buffer constructor: unavailable: Reflective setAccessible(true) disabled
[DEBUG] 2026-02-11 10:02:36.018 [main] PlatformDependent0 - java.nio.Bits.unaligned: available, true
[DEBUG] 2026-02-11 10:02:36.019 [main] PlatformDependent0 - jdk.internal.misc.Unsafe.allocateUninitializedArray(int): unavailable: class io.netty.util.internal.PlatformDependent0$7 cannot access class jdk.internal.misc.Unsafe (in module java.base) because module java.base does not export jdk.internal.misc to unnamed module @14899482
[DEBUG] 2026-02-11 10:02:36.021 [main] PlatformDependent0 - java.nio.DirectByteBuffer.<init>(long, {int,long}): unavailable
[DEBUG] 2026-02-11 10:02:36.021 [main] PlatformDependent - sun.misc.Unsafe: available
[DEBUG] 2026-02-11 10:02:36.023 [main] PlatformDependent - maxDirectMemory: 4146069504 bytes (maybe)
[DEBUG] 2026-02-11 10:02:36.024 [main] PlatformDependent - -Dio.netty.tmpdir: /tmp (java.io.tmpdir)
[DEBUG] 2026-02-11 10:02:36.024 [main] PlatformDependent - -Dio.netty.bitMode: 64 (sun.arch.data.model)
[DEBUG] 2026-02-11 10:02:36.025 [main] PlatformDependent - -Dio.netty.maxDirectMemory: -1 bytes
[DEBUG] 2026-02-11 10:02:36.025 [main] PlatformDependent - -Dio.netty.uninitializedArrayAllocationThreshold: -1
[DEBUG] 2026-02-11 10:02:36.026 [main] CleanerJava9 - java.nio.ByteBuffer.cleaner(): available
[DEBUG] 2026-02-11 10:02:36.026 [main] PlatformDependent - -Dio.netty.noPreferDirect: false
[DEBUG] 2026-02-11 10:02:36.033 [main] PlatformDependent$Mpsc - org.jctools-core.MpscChunkedArrayQueue: available
[DEBUG] 2026-02-11 10:02:36.046 [main] InternalThreadLocalMap - -Dio.netty.threadLocalMap.stringBuilder.initialSize: 1024
[DEBUG] 2026-02-11 10:02:36.047 [main] InternalThreadLocalMap - -Dio.netty.threadLocalMap.stringBuilder.maxSize: 4096
[DEBUG] 2026-02-11 10:02:36.194 [main] JdkSslContext - Default protocols (JDK): [TLSv1.3, TLSv1.2] 
[DEBUG] 2026-02-11 10:02:36.194 [main] JdkSslContext - Default cipher suites (JDK): [TLS_ECDHE_ECDSA_WITH_AES_256_GCM_SHA384, TLS_ECDHE_ECDSA_WITH_AES_128_GCM_SHA256, TLS_ECDHE_RSA_WITH_AES_128_GCM_SHA256, TLS_ECDHE_RSA_WITH_AES_256_GCM_SHA384, TLS_ECDHE_RSA_WITH_AES_128_CBC_SHA, TLS_ECDHE_RSA_WITH_AES_256_CBC_SHA, TLS_RSA_WITH_AES_128_GCM_SHA256, TLS_RSA_WITH_AES_128_CBC_SHA, TLS_RSA_WITH_AES_256_CBC_SHA, TLS_AES_128_GCM_SHA256, TLS_AES_256_GCM_SHA384]
[DEBUG] 2026-02-11 10:02:36.202 [main] GlobalEventExecutor - -Dio.netty.globalEventExecutor.quietPeriodSeconds: 1
[DEBUG] 2026-02-11 10:02:36.209 [main] MultithreadEventLoopGroup - -Dio.netty.eventLoopThreads: 16
[DEBUG] 2026-02-11 10:02:36.214 [main] NioEventLoop - -Dio.netty.noKeySetOptimization: false
[DEBUG] 2026-02-11 10:02:36.214 [main] NioEventLoop - -Dio.netty.selectorAutoRebuildThreshold: 512
[DEBUG] 2026-02-11 10:02:36.229 [main] PooledByteBufAllocator - -Dio.netty.allocator.numHeapArenas: 16
[DEBUG] 2026-02-11 10:02:36.229 [main] PooledByteBufAllocator - -Dio.netty.allocator.numDirectArenas: 16
[DEBUG] 2026-02-11 10:02:36.229 [main] PooledByteBufAllocator - -Dio.netty.allocator.pageSize: 8192
[DEBUG] 2026-02-11 10:02:36.230 [main] PooledByteBufAllocator - -Dio.netty.allocator.maxOrder: 9
[DEBUG] 2026-02-11 10:02:36.230 [main] PooledByteBufAllocator - -Dio.netty.allocator.chunkSize: 4194304
[DEBUG] 2026-02-11 10:02:36.230 [main] PooledByteBufAllocator - -Dio.netty.allocator.smallCacheSize: 256
[DEBUG] 2026-02-11 10:02:36.230 [main] PooledByteBufAllocator - -Dio.netty.allocator.normalCacheSize: 64
[DEBUG] 2026-02-11 10:02:36.230 [main] PooledByteBufAllocator - -Dio.netty.allocator.maxCachedBufferCapacity: 32768
[DEBUG] 2026-02-11 10:02:36.230 [main] PooledByteBufAllocator - -Dio.netty.allocator.cacheTrimInterval: 8192
[DEBUG] 2026-02-11 10:02:36.231 [main] PooledByteBufAllocator - -Dio.netty.allocator.cacheTrimIntervalMillis: 0
[DEBUG] 2026-02-11 10:02:36.231 [main] PooledByteBufAllocator - -Dio.netty.allocator.useCacheForAllThreads: false
[DEBUG] 2026-02-11 10:02:36.231 [main] PooledByteBufAllocator - -Dio.netty.allocator.maxCachedByteBuffersPerChunk: 1023
[DEBUG] 2026-02-11 10:02:36.239 [main] ByteBufUtil - -Dio.netty.allocator.type: pooled
[DEBUG] 2026-02-11 10:02:36.240 [main] ByteBufUtil - -Dio.netty.threadLocalDirectBufferSize: 0
[DEBUG] 2026-02-11 10:02:36.240 [main] ByteBufUtil - -Dio.netty.maxThreadLocalCharBufferSize: 16384
[DEBUG] 2026-02-11 10:02:36.388 [Forwarding newSession on session null to remote] DefaultChannelId - -Dio.netty.processId: 7922 (auto-detected)
[DEBUG] 2026-02-11 10:02:36.390 [Forwarding newSession on session null to remote] NetUtil - -Djava.net.preferIPv4Stack: false
[DEBUG] 2026-02-11 10:02:36.390 [Forwarding newSession on session null to remote] NetUtil - -Djava.net.preferIPv6Addresses: false
[DEBUG] 2026-02-11 10:02:36.392 [Forwarding newSession on session null to remote] NetUtilInitializations - Loopback interface: lo (lo, 0:0:0:0:0:0:0:1%lo)
[DEBUG] 2026-02-11 10:02:36.392 [Forwarding newSession on session null to remote] NetUtil$SoMaxConnAction - /proc/sys/net/core/somaxconn: 4096
[DEBUG] 2026-02-11 10:02:36.393 [Forwarding newSession on session null to remote] DefaultChannelId - -Dio.netty.machineId: 02:fc:e0:ff:fe:be:a7:77 (auto-detected)
[DEBUG] 2026-02-11 10:02:36.418 [AsyncHttpClient-1-2] AbstractByteBuf - -Dio.netty.buffer.checkAccessible: true
[DEBUG] 2026-02-11 10:02:36.419 [AsyncHttpClient-1-2] AbstractByteBuf - -Dio.netty.buffer.checkBounds: true
[DEBUG] 2026-02-11 10:02:36.419 [AsyncHttpClient-1-2] ResourceLeakDetectorFactory$DefaultResourceLeakDetectorFactory - Loaded default ResourceLeakDetector: io.netty.util.ResourceLeakDetector@6eab2f3e
[DEBUG] 2026-02-11 10:02:36.433 [AsyncHttpClient-1-2] Recycler - -Dio.netty.recycler.maxCapacityPerThread: 4096
[DEBUG] 2026-02-11 10:02:36.433 [AsyncHttpClient-1-2] Recycler - -Dio.netty.recycler.ratio: 8
[DEBUG] 2026-02-11 10:02:36.433 [AsyncHttpClient-1-2] Recycler - -Dio.netty.recycler.chunkSize: 32
[DEBUG] 2026-02-11 10:02:36.433 [AsyncHttpClient-1-2] Recycler - -Dio.netty.recycler.blocking: false
[DEBUG] 2026-02-11 10:02:36.434 [AsyncHttpClient-1-2] Recycler - -Dio.netty.recycler.batchFastThreadLocalOnly: true
[DEBUG] 2026-02-11 10:02:36.980 [AsyncHttpClient-1-2] Brotli - brotli4j not in the classpath; Brotli support will be unavailable.
[DEBUG] 2026-02-11 10:02:37.039 [main] ThreadLocalRandom - -Dio.netty.initialSeedUniquifier: 0xbc1e9bc720e4b3e2
[INFO ] 2026-02-11 10:02:38.858 [main] amazonshop - Amazon homepage opened successfully.
[INFO ] 2026-02-11 10:02:38.862 [main] amazonshop - Navigating to delivery address section...
[INFO ] 2026-02-11 10:02:42.038 [main] amazonshop - Changing location to India...
[INFO ] 2026-02-11 10:02:58.777 [main] amazonshop - Delivery location successfully updated to India.
[INFO ] 2026-02-11 10:02:58.778 [main] amazonshop - Opening menu tab: All
[INFO ] 2026-02-11 10:03:01.873 [main] amazonshop - Navigating to section: Kindle E-Readers & Books
[INFO ] 2026-02-11 10:03:05.470 [main] amazonshop - Selecting option: Kindle Books
[INFO ] 2026-02-11 10:03:10.789 [main] amazonshop - Verifying Kindle Books page...
[DEBUG] 2026-02-11 10:03:10.799 [main] amazonshop - Page title: Amazon.com: Books
[INFO ] 2026-02-11 10:03:13.801 [main] amazonshop - Navigating back to Amazon homepage...
[INFO ] 2026-02-11 10:03:16.936 [main] amazonshop - Verifying Amazon homepage...
[DEBUG] 2026-02-11 10:03:16.941 [main] amazonshop - Page title: 
[INFO ] 2026-02-11 10:03:19.943 [main] amazonshop - Closing browser...
[INFO ] 2026-02-11 10:03:23.046 [main] amazonshop - Browser closed successfully.
[DEBUG] 2026-02-12 04:47:29.535 [main] InternalLoggerFactory - Using Log4J2 as the default logging framework
[DEBUG] 2026-02-12 04:47:29.551 [main] ResourceLeakDetector - -Dio.netty.leakDetection.level: simple
[DEBUG] 2026-02-12 04:47:29.552 [main] ResourceLeakDetector - -Dio.netty.leakDetection.targetRecords: 4
[DEBUG] 2026-02-12 04:47:29.558 [main] ResourceLeakDetectorFactory$DefaultResourceLeakDetectorFactory - Loaded default ResourceLeakDetector: io.netty.util.ResourceLeakDetector@2f2d52ef
[DEBUG] 2026-02-12 04:47:29.575 [main] PlatformDependent0 - -Dio.netty.noUnsafe: false
[DEBUG] 2026-02-12 04:47:29.576 [main] PlatformDependent0 - Java version: 21
[DEBUG] 2026-02-12 04:47:29.578 [main] PlatformDependent0 - sun.misc.Unsafe.theUnsafe: available
[DEBUG] 2026-02-12 04:47:29.579 [main] PlatformDependent0 - sun.misc.Unsafe.copyMemory: available
[DEBUG] 2026-02-12 04:47:29.579 [main] PlatformDependent0 - sun.misc.Unsafe.storeFence: available
[DEBUG] 2026-02-12 04:47:29.580 [main] PlatformDependent0 - java.nio.Buffer.address: available
[DEBUG] 2026-02-12 04:47:29.581 [main] PlatformDependent0 - direct buffer constructor: unavailable: Reflective setAccessible(true) disabled
[DEBUG] 2026-02-12 04:47:29.582 [main] PlatformDependent0 - java.nio.Bits.unaligned: available, true
[DEBUG] 2026-02-12 04:47:29.583 [main] PlatformDependent0 - jdk.internal.misc.Unsafe.allocateUninitializedArray(int): unavailable: class io.netty.util.internal.PlatformDependent0$7 cannot access class jdk.internal.misc.Unsafe (in module java.base) because module java.base does not export jdk.internal.misc to unnamed module @14899482
[DEBUG] 2026-02-12 04:47:29.585 [main] PlatformDependent0 - java.nio.DirectByteBuffer.<init>(long, {int,long}): unavailable
[DEBUG] 2026-02-12 04:47:29.585 [main] PlatformDependent - sun.misc.Unsafe: available
[DEBUG] 2026-02-12 04:47:29.588 [main] PlatformDependent - maxDirectMemory: 4146069504 bytes (maybe)
[DEBUG] 2026-02-12 04:47:29.588 [main] PlatformDependent - -Dio.netty.tmpdir: /tmp (java.io.tmpdir)
[DEBUG] 2026-02-12 04:47:29.588 [main] PlatformDependent - -Dio.netty.bitMode: 64 (sun.arch.data.model)
[DEBUG] 2026-02-12 04:47:29.589 [main] PlatformDependent - -Dio.netty.maxDirectMemory: -1 bytes
[DEBUG] 2026-02-12 04:47:29.590 [main] PlatformDependent - -Dio.netty.uninitializedArrayAllocationThreshold: -1
[DEBUG] 2026-02-12 04:47:29.591 [main] CleanerJava9 - java.nio.ByteBuffer.cleaner(): available
[DEBUG] 2026-02-12 04:47:29.591 [main] PlatformDependent - -Dio.netty.noPreferDirect: false
[DEBUG] 2026-02-12 04:47:29.598 [main] PlatformDependent$Mpsc - org.jctools-core.MpscChunkedArrayQueue: available
[DEBUG] 2026-02-12 04:47:29.625 [main] InternalThreadLocalMap - -Dio.netty.threadLocalMap.stringBuilder.initialSize: 1024
[DEBUG] 2026-02-12 04:47:29.625 [main] InternalThreadLocalMap - -Dio.netty.threadLocalMap.stringBuilder.maxSize: 4096
[DEBUG] 2026-02-12 04:47:29.780 [main] JdkSslContext - Default protocols (JDK): [TLSv1.3, TLSv1.2] 
[DEBUG] 2026-02-12 04:47:29.780 [main] JdkSslContext - Default cipher suites (JDK): [TLS_ECDHE_ECDSA_WITH_AES_256_GCM_SHA384, TLS_ECDHE_ECDSA_WITH_AES_128_GCM_SHA256, TLS_ECDHE_RSA_WITH_AES_128_GCM_SHA256, TLS_ECDHE_RSA_WITH_AES_256_GCM_SHA384, TLS_ECDHE_RSA_WITH_AES_128_CBC_SHA, TLS_ECDHE_RSA_WITH_AES_256_CBC_SHA, TLS_RSA_WITH_AES_128_GCM_SHA256, TLS_RSA_WITH_AES_128_CBC_SHA, TLS_RSA_WITH_AES_256_CBC_SHA, TLS_AES_128_GCM_SHA256, TLS_AES_256_GCM_SHA384]
[DEBUG] 2026-02-12 04:47:29.789 [main] GlobalEventExecutor - -Dio.netty.globalEventExecutor.quietPeriodSeconds: 1
[DEBUG] 2026-02-12 04:47:29.802 [main] MultithreadEventLoopGroup - -Dio.netty.eventLoopThreads: 16
[DEBUG] 2026-02-12 04:47:29.812 [main] NioEventLoop - -Dio.netty.noKeySetOptimization: false
[DEBUG] 2026-02-12 04:47:29.812 [main] NioEventLoop - -Dio.netty.selectorAutoRebuildThreshold: 512
[DEBUG] 2026-02-12 04:47:29.833 [main] PooledByteBufAllocator - -Dio.netty.allocator.numHeapArenas: 16
[DEBUG] 2026-02-12 04:47:29.833 [main] PooledByteBufAllocator - -Dio.netty.allocator.numDirectArenas: 16
[DEBUG] 2026-02-12 04:47:29.833 [main] PooledByteBufAllocator - -Dio.netty.allocator.pageSize: 8192
[DEBUG] 2026-02-12 04:47:29.834 [main] PooledByteBufAllocator - -Dio.netty.allocator.maxOrder: 9
[DEBUG] 2026-02-12 04:47:29.834 [main] PooledByteBufAllocator - -Dio.netty.allocator.chunkSize: 4194304
[DEBUG] 2026-02-12 04:47:29.834 [main] PooledByteBufAllocator - -Dio.netty.allocator.smallCacheSize: 256
[DEBUG] 2026-02-12 04:47:29.834 [main] PooledByteBufAllocator - -Dio.netty.allocator.normalCacheSize: 64
[DEBUG] 2026-02-12 04:47:29.834 [main] PooledByteBufAllocator - -Dio.netty.allocator.maxCachedBufferCapacity: 32768
[DEBUG] 2026-02-12 04:47:29.834 [main] PooledByteBufAllocator - -Dio.netty.allocator.cacheTrimInterval: 8192
[DEBUG] 2026-02-12 04:47:29.835 [main] PooledByteBufAllocator - -Dio.netty.allocator.cacheTrimIntervalMillis: 0
[DEBUG] 2026-02-12 04:47:29.835 [main] PooledByteBufAllocator - -Dio.netty.allocator.useCacheForAllThreads: false
[DEBUG] 2026-02-12 04:47:29.835 [main] PooledByteBufAllocator - -Dio.netty.allocator.maxCachedByteBuffersPerChunk: 1023
[DEBUG] 2026-02-12 04:47:29.842 [main] ByteBufUtil - -Dio.netty.allocator.type: pooled
[DEBUG] 2026-02-12 04:47:29.843 [main] ByteBufUtil - -Dio.netty.threadLocalDirectBufferSize: 0
[DEBUG] 2026-02-12 04:47:29.843 [main] ByteBufUtil - -Dio.netty.maxThreadLocalCharBufferSize: 16384
[DEBUG] 2026-02-12 04:47:30.098 [Forwarding newSession on session null to remote] DefaultChannelId - -Dio.netty.processId: 2942 (auto-detected)
[DEBUG] 2026-02-12 04:47:30.099 [Forwarding newSession on session null to remote] NetUtil - -Djava.net.preferIPv4Stack: false
[DEBUG] 2026-02-12 04:47:30.100 [Forwarding newSession on session null to remote] NetUtil - -Djava.net.preferIPv6Addresses: false
[DEBUG] 2026-02-12 04:47:30.101 [Forwarding newSession on session null to remote] NetUtilInitializations - Loopback interface: lo (lo, 0:0:0:0:0:0:0:1%lo)
[DEBUG] 2026-02-12 04:47:30.102 [Forwarding newSession on session null to remote] NetUtil$SoMaxConnAction - /proc/sys/net/core/somaxconn: 4096
[DEBUG] 2026-02-12 04:47:30.102 [Forwarding newSession on session null to remote] DefaultChannelId - -Dio.netty.machineId: 02:fc:e0:ff:fe:be:a7:77 (auto-detected)
[DEBUG] 2026-02-12 04:47:30.130 [AsyncHttpClient-1-2] AbstractByteBuf - -Dio.netty.buffer.checkAccessible: true
[DEBUG] 2026-02-12 04:47:30.130 [AsyncHttpClient-1-2] AbstractByteBuf - -Dio.netty.buffer.checkBounds: true
[DEBUG] 2026-02-12 04:47:30.130 [AsyncHttpClient-1-2] ResourceLeakDetectorFactory$DefaultResourceLeakDetectorFactory - Loaded default ResourceLeakDetector: io.netty.util.ResourceLeakDetector@745a0f7b
[DEBUG] 2026-02-12 04:47:30.146 [AsyncHttpClient-1-2] Recycler - -Dio.netty.recycler.maxCapacityPerThread: 4096
[DEBUG] 2026-02-12 04:47:30.146 [AsyncHttpClient-1-2] Recycler - -Dio.netty.recycler.ratio: 8
[DEBUG] 2026-02-12 04:47:30.146 [AsyncHttpClient-1-2] Recycler - -Dio.netty.recycler.chunkSize: 32
[DEBUG] 2026-02-12 04:47:30.146 [AsyncHttpClient-1-2] Recycler - -Dio.netty.recycler.blocking: false
[DEBUG] 2026-02-12 04:47:30.146 [AsyncHttpClient-1-2] Recycler - -Dio.netty.recycler.batchFastThreadLocalOnly: true
[DEBUG] 2026-02-12 04:47:31.462 [AsyncHttpClient-1-2] Brotli - brotli4j not in the classpath; Brotli support will be unavailable.
[DEBUG] 2026-02-12 04:47:31.524 [main] ThreadLocalRandom - -Dio.netty.initialSeedUniquifier: 0x609e0e5408a2e0ff
[INFO ] 2026-02-12 04:47:32.442 [main] amazonshop - Amazon homepage opened successfully.
[INFO ] 2026-02-12 04:47:32.446 [main] amazonshop - Navigating to delivery address section...
[INFO ] 2026-02-12 04:47:38.750 [main] amazonshop - Changing location to India...
[INFO ] 2026-02-12 04:47:55.476 [main] amazonshop - Delivery location successfully updated to India.
[INFO ] 2026-02-12 04:47:55.478 [main] amazonshop - Opening menu tab: All
[INFO ] 2026-02-12 04:47:58.569 [main] amazonshop - Navigating to section: Kindle E-Readers & Books
[INFO ] 2026-02-12 04:48:02.165 [main] amazonshop - Selecting option: Kindle Books
[INFO ] 2026-02-12 04:48:07.572 [main] amazonshop - Verifying Kindle Books page...
[DEBUG] 2026-02-12 04:48:07.582 [main] amazonshop - Page title: Amazon.com: Books
[INFO ] 2026-02-12 04:48:10.583 [main] amazonshop - Navigating back to Amazon homepage...
[INFO ] 2026-02-12 04:48:14.170 [main] amazonshop - Verifying Amazon homepage...
[DEBUG] 2026-02-12 04:48:14.179 [main] amazonshop - Page title: Amazon.com. Spend less. Smile more.
[INFO ] 2026-02-12 04:48:17.181 [main] amazonshop - Closing browser...
[INFO ] 2026-02-12 04:48:20.284 [main] amazonshop - Browser closed successfully.
